<?xml version="1.0" encoding="UTF-8"?>
<!-- Generated by org.testng.reporters.JUnitReportReporter -->
<testsuite hostname="LAPTOP-A378LQ43" failures="0" tests="2" name="tests.Postmethodpositivetest" time="2.527" errors="0" timestamp="2025-06-26T18:19:44 IST" skipped="0">
  <testcase classname="tests.Postmethodpositivetest" name="Negativetest" time="2.062"/>
  <system-out/>
  <testcase classname="tests.Postmethodpositivetest" name="positivetest" time="0.465"/>
  <system-out/>
</testsuite> <!-- tests.Postmethodpositivetest -->
