<?xml version="1.0" encoding="UTF-8"?>
<!-- Generated by org.testng.reporters.JUnitReportReporter -->
<testsuite hostname="LAPTOP-A378LQ43" failures="0" tests="2" name="tests.RAapiautomation" time="2.804" errors="0" timestamp="2025-07-02T20:17:53 IST" skipped="0">
  <testcase classname="tests.RAapiautomation" name="testPostApiResponsePositive" time="2.381"/>
  <system-out/>
  <testcase classname="tests.RAapiautomation" name="testPostApiResponseNegative" time="0.423"/>
  <system-out/>
</testsuite> <!-- tests.RAapiautomation -->
