<?xml version="1.0" encoding="UTF-8"?>
<!-- Generated by org.testng.reporters.JUnitReportReporter -->
<testsuite hostname="LAPTOP-A378LQ43" failures="0" tests="2" name="tests.RAapiautomation" time="3.237" errors="0" timestamp="2025-06-27T14:22:13 IST" skipped="0">
  <testcase classname="tests.RAapiautomation" name="testPostApiResponsePositive" time="2.759"/>
  <system-out/>
  <testcase classname="tests.RAapiautomation" name="testPostApiResponseNegative" time="0.478"/>
  <system-out/>
</testsuite> <!-- tests.RAapiautomation -->
