<?xml version="1.0" encoding="UTF-8"?>
<!-- Generated by org.testng.reporters.JUnitReportReporter -->
<testsuite hostname="LAPTOP-A378LQ43" failures="0" tests="2" name="tests.RAapiautomation" time="3.564" errors="0" timestamp="2025-06-27T08:28:41 IST" skipped="0">
  <testcase classname="tests.RAapiautomation" name="testPostApiResponsePositive" time="2.771"/>
  <system-out/>
  <testcase classname="tests.RAapiautomation" name="testPostApiResponseNegative" time="0.793"/>
  <system-out/>
</testsuite> <!-- tests.RAapiautomation -->
