<?xml version="1.0" encoding="UTF-8"?>
<!-- Generated by org.testng.reporters.JUnitReportReporter -->
<testsuite hostname="LAPTOP-A378LQ43" failures="0" tests="2" name="tests.RAapiautomation" time="2.995" errors="0" timestamp="2025-06-27T12:51:09 IST" skipped="0">
  <testcase classname="tests.RAapiautomation" name="testPostApiResponsePositive" time="2.487"/>
  <system-out/>
  <testcase classname="tests.RAapiautomation" name="testPostApiResponseNegative" time="0.508"/>
  <system-out/>
</testsuite> <!-- tests.RAapiautomation -->
