<?xml version="1.0" encoding="UTF-8"?>
<!-- Generated by org.testng.reporters.JUnitReportReporter -->
<testsuite hostname="LAPTOP-A378LQ43" failures="0" tests="1" name="TestRunner.TestRunner" time="7.300" errors="0" timestamp="2025-07-02T17:35:53 IST" skipped="0">
  <testcase classname="TestRunner.TestRunner" name="runScenario" time="7.300"/>
</testsuite> <!-- TestRunner.TestRunner -->
