<?xml version="1.0" encoding="UTF-8"?>
<!-- Generated by org.testng.reporters.JUnitReportReporter -->
<testsuite hostname="LAPTOP-A378LQ43" failures="0" tests="3" name="tests.LoginAPITest" time="4.994" errors="0" timestamp="2025-07-03T17:24:35 IST" skipped="0">
  <testcase classname="tests.LoginAPITest" name="loginWithValidCredentials" time="2.670"/>
  <testcase classname="tests.LoginAPITest" name="loginWithInvalidCredentials" time="1.181"/>
  <testcase classname="tests.LoginAPITest" name="loginWithMissingPassword" time="1.143"/>
</testsuite> <!-- tests.LoginAPITest -->
